Using pre-set license
Built from '2020.3/staging' branch; Version is '2020.3.21f1 (a38c86f6690f) revision 10718342'; Using compiler version '192528614'; Build Type 'Release'
OS: 'Windows 10 Pro; OS build 22000.556; Version 2009; 64bit' Language: 'en' Physical Memory: 16222 MB
BatchMode: 1, IsHumanControllingUs: 0, StartBugReporterOnCrash: 0, Is64bit: 1, IsPro: 0

COMMAND LINE ARGUMENTS:
C:\Program Files\Unity\Hub\Editor\2020.3.21f1\Editor\Unity.exe
-adb2
-batchMode
-noUpm
-name
AssetImportWorker0
-projectPath
C:/Users/Ender/OneDrive/Masaüstü/unitygames/GAMES/CubeSurfers/CuberSurfers
-logFile
Logs/AssetImportWorker0.log
-srvPort
50321
Successfully changed project path to: C:/Users/Ender/OneDrive/Masaüstü/unitygames/GAMES/CubeSurfers/CuberSurfers
C:/Users/Ender/OneDrive/Masaüstü/unitygames/GAMES/CubeSurfers/CuberSurfers
Using Asset Import Pipeline V2.
Refreshing native plugins compatible for Editor in 27.21 ms, found 2 plugins.
Preloading 0 native plugins for Editor in 0.00 ms.
Initialize engine version: 2020.3.21f1 (a38c86f6690f)
[Subsystems] Discovering subsystems at path C:/Program Files/Unity/Hub/Editor/2020.3.21f1/Editor/Data/Resources/UnitySubsystems
[Subsystems] Discovering subsystems at path C:/Users/Ender/OneDrive/Masaüstü/unitygames/GAMES/CubeSurfers/CuberSurfers/Assets
GfxDevice: creating device client; threaded=0
Direct3D:
    Version:  Direct3D 11.0 [level 11.1]
    Renderer: NVIDIA GeForce GTX 1650 (ID=0x1f99)
    Vendor:   
    VRAM:     3962 MB
    Driver:   30.0.15.1179
Initialize mono
Mono path[0] = 'C:/Program Files/Unity/Hub/Editor/2020.3.21f1/Editor/Data/Managed'
Mono path[1] = 'C:/Program Files/Unity/Hub/Editor/2020.3.21f1/Editor/Data/MonoBleedingEdge/lib/mono/unityjit'
Mono config path = 'C:/Program Files/Unity/Hub/Editor/2020.3.21f1/Editor/Data/MonoBleedingEdge/etc'
Using monoOptions --debugger-agent=transport=dt_socket,embedding=1,server=y,suspend=n,address=127.0.0.1:56504
Begin MonoManager ReloadAssembly
Registering precompiled unity dll's ...
Register platform support module: C:/Program Files/Unity/Hub/Editor/2020.3.21f1/Editor/Data/PlaybackEngines/WindowsStandaloneSupport/UnityEditor.WindowsStandalone.Extensions.dll
Registered in 0.001241 seconds.
Native extension for WindowsStandalone target not found
Refreshing native plugins compatible for Editor in 25.56 ms, found 2 plugins.
Preloading 0 native plugins for Editor in 0.00 ms.
Mono: successfully reloaded assembly
- Completed reload, in  0.854 seconds
Domain Reload Profiling:
	ReloadAssembly (854ms)
		BeginReloadAssembly (41ms)
			ExecutionOrderSort (0ms)
			DisableScriptedObjects (0ms)
			BackupInstance (0ms)
			ReleaseScriptingObjects (0ms)
			CreateAndSetChildDomain (1ms)
		EndReloadAssembly (360ms)
			LoadAssemblies (39ms)
			RebuildTransferFunctionScriptingTraits (0ms)
			SetupTypeCache (125ms)
			ReleaseScriptCaches (0ms)
			RebuildScriptCaches (26ms)
			SetupLoadedEditorAssemblies (131ms)
				LogAssemblyErrors (0ms)
				InitializePlatformSupportModulesInManaged (3ms)
				SetLoadedEditorAssemblies (0ms)
				RefreshPlugins (26ms)
				BeforeProcessingInitializeOnLoad (14ms)
				ProcessInitializeOnLoadAttributes (65ms)
				ProcessInitializeOnLoadMethodAttributes (24ms)
				AfterProcessingInitializeOnLoad (0ms)
				EditorAssembliesLoaded (0ms)
			ExecutionOrderSort2 (0ms)
			AwakeInstancesAfterBackupRestoration (0ms)
Platform modules already initialized, skipping
Registering precompiled user dll's ...
Registered in 0.003135 seconds.
Begin MonoManager ReloadAssembly
Native extension for WindowsStandalone target not found
Refreshing native plugins compatible for Editor in 0.28 ms, found 2 plugins.
Preloading 0 native plugins for Editor in 0.00 ms.
Mono: successfully reloaded assembly
- Completed reload, in  0.827 seconds
Domain Reload Profiling:
	ReloadAssembly (828ms)
		BeginReloadAssembly (116ms)
			ExecutionOrderSort (0ms)
			DisableScriptedObjects (4ms)
			BackupInstance (0ms)
			ReleaseScriptingObjects (0ms)
			CreateAndSetChildDomain (15ms)
		EndReloadAssembly (662ms)
			LoadAssemblies (65ms)
			RebuildTransferFunctionScriptingTraits (0ms)
			SetupTypeCache (228ms)
			ReleaseScriptCaches (0ms)
			RebuildScriptCaches (34ms)
			SetupLoadedEditorAssemblies (249ms)
				LogAssemblyErrors (0ms)
				InitializePlatformSupportModulesInManaged (4ms)
				SetLoadedEditorAssemblies (0ms)
				RefreshPlugins (0ms)
				BeforeProcessingInitializeOnLoad (64ms)
				ProcessInitializeOnLoadAttributes (169ms)
				ProcessInitializeOnLoadMethodAttributes (7ms)
				AfterProcessingInitializeOnLoad (4ms)
				EditorAssembliesLoaded (0ms)
			ExecutionOrderSort2 (0ms)
			AwakeInstancesAfterBackupRestoration (5ms)
Platform modules already initialized, skipping
========================================================================
Worker process is ready to serve import requests
Launched and connected shader compiler UnityShaderCompiler.exe after 0.03 seconds
Refreshing native plugins compatible for Editor in 0.29 ms, found 2 plugins.
Preloading 0 native plugins for Editor in 0.00 ms.
Unloading 1497 Unused Serialized files (Serialized files now loaded: 0)
System memory in use before: 69.0 MB.
System memory in use after: 69.1 MB.

Unloading 19 unused Assets to reduce memory usage. Loaded Objects now: 1930.
Total: 2.860300 ms (FindLiveObjects: 0.180300 ms CreateObjectMapping: 0.044500 ms MarkObjects: 2.569100 ms  DeleteObjects: 0.065300 ms)

AssetImportParameters requested are different than current active one (requested -> active):
  custom:framework-win-MediaFoundation: 216162199b28c13a410421893ffa2e32 -> 
  custom:video-decoder-ogg-theora: a1e56fd34408186e4bbccfd4996cb3dc -> 
  custom:container-muxer-webm: aa71ff27fc2769a1b78a27578f13a17b -> 
  custom:container-demuxer-webm: 4f35f7cbe854078d1ac9338744f61a02 -> 
  custom:container-demuxer-ogg: 62fdf1f143b41e24485cea50d1cbac27 -> 
  custom:video-encoder-webm-vp8: eb34c28f22e8b96e1ab97ce403110664 -> 
  custom:video-decoder-webm-vp8: 9c59270c3fd7afecdb556c50c9e8de78 -> 
  custom:audio-decoder-ogg-vorbis: bf7c407c2cedff20999df2af8eb42d56 -> 
  custom:audio-encoder-webm-vorbis: bf7c407c2cedff20999df2af8eb42d56 -> 
========================================================================
Received Import Request.
  path: Assets/Prefabs
  artifactKey: Guid(8136d2efd781c134a8fd48d56da37835) Importer(815301076,1909f56bfc062723c751e8b465ee728b)
Start importing Assets/Prefabs using Guid(8136d2efd781c134a8fd48d56da37835) Importer(815301076,1909f56bfc062723c751e8b465ee728b)  -> (artifact id: '43e8e7814ca4c23f59958a4eec8ce010') in 0.006585 seconds 
  Import took 0.009095 seconds .

========================================================================
Received Import Request.
  Time since last request: 44.204465 seconds.
  path: Assets/Prefabs/CollectableCubes.prefab
  artifactKey: Guid(2630770c133d5fb4d8253df43ba13358) Importer(815301076,1909f56bfc062723c751e8b465ee728b)
Start importing Assets/Prefabs/CollectableCubes.prefab using Guid(2630770c133d5fb4d8253df43ba13358) Importer(815301076,1909f56bfc062723c751e8b465ee728b)  -> (artifact id: '71558ebd656babff225dd5aeb6fbe814') in 0.088635 seconds 
  Import took 0.090990 seconds .

========================================================================
Received Import Request.
  Time since last request: 9.829995 seconds.
  path: Assets/Prefabs/Obstacle.prefab
  artifactKey: Guid(734e716fccc2b164095b3c7d1a14f05c) Importer(815301076,1909f56bfc062723c751e8b465ee728b)
Start importing Assets/Prefabs/Obstacle.prefab using Guid(734e716fccc2b164095b3c7d1a14f05c) Importer(815301076,1909f56bfc062723c751e8b465ee728b)  -> (artifact id: 'd942c869136f1d5393158a8441ef6c1a') in 0.012638 seconds 
  Import took 0.014863 seconds .

========================================================================
Received Import Request.
  Time since last request: 381.497375 seconds.
  path: Assets/Prefabs/MainCube.prefab
  artifactKey: Guid(3077b9066725c2742b0a7adcf344ed3c) Importer(815301076,1909f56bfc062723c751e8b465ee728b)
Start importing Assets/Prefabs/MainCube.prefab using Guid(3077b9066725c2742b0a7adcf344ed3c) Importer(815301076,1909f56bfc062723c751e8b465ee728b)  -> (artifact id: '918ebf74bfdec10d3b938939b8c4f72a') in 0.148540 seconds 
  Import took 0.151686 seconds .

========================================================================
Received Import Request.
  Time since last request: 8.580561 seconds.
  path: Assets/Prefabs/Main Camera.prefab
  artifactKey: Guid(273b98940a93f7349a6480d710f924f1) Importer(815301076,1909f56bfc062723c751e8b465ee728b)
Start importing Assets/Prefabs/Main Camera.prefab using Guid(273b98940a93f7349a6480d710f924f1) Importer(815301076,1909f56bfc062723c751e8b465ee728b)  -> (artifact id: 'e2b70cf2d4b48f2512c3105bd35e26ed') in 0.005263 seconds 
  Import took 0.007744 seconds .

========================================================================
Received Import Request.
  Time since last request: 104.278953 seconds.
  path: Assets/Materials/Gold.mat
  artifactKey: Guid(5b618002bea3f804ba43ab76666f83a3) Importer(815301076,1909f56bfc062723c751e8b465ee728b)
Start importing Assets/Materials/Gold.mat using Guid(5b618002bea3f804ba43ab76666f83a3) Importer(815301076,1909f56bfc062723c751e8b465ee728b)  -> (artifact id: '8b81ca742be3b395f307194b18ac1f7c') in 0.033194 seconds 
  Import took 0.036016 seconds .

========================================================================
Received Import Request.
  Time since last request: 60.842904 seconds.
  path: Assets/Prefabs/Coin.prefab
  artifactKey: Guid(7b9282efeced12140b8ff4db31bbd7e5) Importer(815301076,1909f56bfc062723c751e8b465ee728b)
Start importing Assets/Prefabs/Coin.prefab using Guid(7b9282efeced12140b8ff4db31bbd7e5) Importer(815301076,1909f56bfc062723c751e8b465ee728b)  -> (artifact id: 'ea5c5f4ef592465e4c87f3176c9172e6') in 0.011350 seconds 
  Import took 0.014067 seconds .

AssetImportWorkerClient::OnTransportError - code=2 error=End of file
